This file contains any messages produced by compilers while
running configure, to aid debugging if configure makes a mistake.

It was created by xaudiopro configure 1.0, which was
generated by GNU Autoconf 2.65.  Invocation command line was

  $ ./configure CFLAGS=--sysroot=/Users/luolongzhi/Software/android-ndk-for-mac/android-ndk-r15c/platforms/android-22/arch-arm/ CPPFLAGS=--sysroot=/Users/luolongzhi/Software/android-ndk-for-mac/android-ndk-r15c/platforms/android-22/arch-arm/ --prefix=/Users/luolongzhi/Project/mygithub/xaudiopro/dist/xaudiopro/armeabi-v7a --host=arm-linux-androideabi --build=x86_64 --with-sysroot=/Users/luolongzhi/Software/android-ndk-for-mac/android-ndk-r15c/platforms/android-22/arch-arm/

## --------- ##
## Platform. ##
## --------- ##

hostname = luolongzhideMacBook-Pro.local
uname -m = x86_64
uname -r = 16.4.0
uname -s = Darwin
uname -v = Darwin Kernel Version 16.4.0: Thu Dec 22 22:53:21 PST 2016; root:xnu-3789.41.3~3/RELEASE_X86_64

/usr/bin/uname -p = i386
/bin/uname -X     = unknown

/bin/arch              = unknown
/usr/bin/arch -k       = unknown
/usr/convex/getsysinfo = unknown
/usr/bin/hostinfo      = Mach kernel version:
	 Darwin Kernel Version 16.4.0: Thu Dec 22 22:53:21 PST 2016; root:xnu-3789.41.3~3/RELEASE_X86_64
Kernel configured for up to 4 processors.
2 processors are physically available.
4 processors are logically available.
Processor type: x86_64h (Intel x86-64h Haswell)
Processors active: 0 1 2 3
Primary memory available: 8.00 gigabytes
Default processor set: 423 tasks, 2870 threads, 4 processors
Load average: 2.72, Mach factor: 1.70
/bin/machine           = unknown
/usr/bin/oslevel       = unknown
/bin/universe          = unknown

PATH: /Users/luolongzhi/Project/wasm/emsdk
PATH: /Users/luolongzhi/Project/wasm/emsdk/clang/e1.38.19_64bit
PATH: /Users/luolongzhi/Project/wasm/emsdk/emscripten/1.38.19
PATH: /Users/luolongzhi/go/bin
PATH: /Users/luolongzhi/.mix/
PATH: /Users/luolongzhi/miniconda3/bin
PATH: /Users/luolongzhi/bin
PATH: /usr/local/bin
PATH: /Users/luolongzhi/Project/wasm/emsdk
PATH: /Users/luolongzhi/Project/wasm/emsdk/clang/e1.38.19_64bit
PATH: /Users/luolongzhi/Project/wasm/emsdk/emscripten/1.38.19
PATH: /Users/luolongzhi/go/bin
PATH: /Users/luolongzhi/.mix/
PATH: /Users/luolongzhi/miniconda3/bin
PATH: /Users/luolongzhi/bin
PATH: /usr/local/bin
PATH: /Library/Frameworks/Python.framework/Versions/2.7/bin
PATH: /Users/luolongzhi/miniconda3/bin
PATH: /Users/luolongzhi/.rvm/gems/ruby-1.9.3-p547@rails3.2.18/bin
PATH: /Users/luolongzhi/.rvm/gems/ruby-1.9.3-p547@global/bin
PATH: /Users/luolongzhi/.rvm/rubies/ruby-1.9.3-p547/bin
PATH: /usr/bin
PATH: /bin
PATH: /usr/sbin
PATH: /sbin
PATH: /usr/local/bin
PATH: /usr/local/go/bin
PATH: /usr/local/bin/gradle-2.3/bin
PATH: /Users/luolongzhi/.rvm/bin
PATH: /usr/local/bin/gradle-2.3/bin
PATH: /usr/local/bin/gradle-2.3/bin
PATH: /Users/luolongzhi/Library/Android/sdk/platform-tools
PATH: /Users/luolongzhi/Library/Android/sdk/tools
PATH: /Users/luolongzhi/Software/android-ndk-for-mac/android-ndk-r15c/toolchains/arm-linux-androideabi-4.9/prebuilt/darwin-x86_64/bin


## ----------- ##
## Core tests. ##
## ----------- ##

configure:2280: checking for a BSD-compatible install
configure:2348: result: /usr/local/bin/ginstall -c
configure:2359: checking whether build environment is sane
configure:2414: result: yes
configure:2473: checking for arm-linux-androideabi-strip
configure:2489: found /Users/luolongzhi/Software/android-ndk-for-mac/android-ndk-r15c/toolchains/arm-linux-androideabi-4.9/prebuilt/darwin-x86_64/bin/arm-linux-androideabi-strip
configure:2500: result: arm-linux-androideabi-strip
configure:2565: checking for a thread-safe mkdir -p
configure:2604: result: /usr/local/bin/gmkdir -p
configure:2611: checking for gawk
configure:2627: found /usr/local/bin/gawk
configure:2638: result: gawk
configure:2649: checking whether make sets $(MAKE)
configure:2671: result: yes
configure:2700: checking whether make supports nested variables
configure:2717: result: yes
configure:2876: checking build system type
configure:2890: result: x86_64-pc-none
configure:2910: checking host system type
configure:2923: result: arm-unknown-linux-androideabi
configure:2964: checking how to print strings
configure:2991: result: printf
configure:3016: checking whether make supports the include directive
configure:3031: make -f confmf.GNU && cat confinc.out
this is the am__doit target
configure:3034: $? = 0
configure:3053: result: yes (GNU style)
configure:3083: checking for arm-linux-androideabi-gcc
configure:3099: found /Users/luolongzhi/Software/android-ndk-for-mac/android-ndk-r15c/toolchains/arm-linux-androideabi-4.9/prebuilt/darwin-x86_64/bin/arm-linux-androideabi-gcc
configure:3110: result: arm-linux-androideabi-gcc
configure:3379: checking for C compiler version
configure:3388: arm-linux-androideabi-gcc --version >&5
arm-linux-androideabi-gcc (GCC) 4.9.x 20150123 (prerelease)
Copyright (C) 2014 Free Software Foundation, Inc.
This is free software; see the source for copying conditions.  There is NO
warranty; not even for MERCHANTABILITY or FITNESS FOR A PARTICULAR PURPOSE.

configure:3399: $? = 0
configure:3388: arm-linux-androideabi-gcc -v >&5
Using built-in specs.
COLLECT_GCC=arm-linux-androideabi-gcc
COLLECT_LTO_WRAPPER=/Users/luolongzhi/Software/android-ndk-for-mac/android-ndk-r15c/toolchains/arm-linux-androideabi-4.9/prebuilt/darwin-x86_64/bin/../libexec/gcc/arm-linux-androideabi/4.9.x/lto-wrapper
Target: arm-linux-androideabi
Configured with: /Volumes/Android/buildbot/src/android/gcc/toolchain/build/../gcc/gcc-4.9/configure --prefix=/tmp/0899942388fbb00fc6ca4802fb5910ae --target=arm-linux-androideabi --host=x86_64-apple-darwin --build=x86_64-apple-darwin --with-gnu-as --with-gnu-ld --enable-languages=c,c++ --with-gmp=/buildbot/tmp/build/toolchain/temp-install --with-mpfr=/buildbot/tmp/build/toolchain/temp-install --with-mpc=/buildbot/tmp/build/toolchain/temp-install --with-cloog=/buildbot/tmp/build/toolchain/temp-install --with-isl=/buildbot/tmp/build/toolchain/temp-install --with-ppl=/buildbot/tmp/build/toolchain/temp-install --disable-ppl-version-check --disable-cloog-version-check --disable-isl-version-check --enable-cloog-backend=isl --with-host-libstdcxx='-static-libgcc -lstdc++ -lm' --disable-libssp --enable-threads --disable-nls --disable-libmudflap --disable-libgomp --disable-libstdc__-v3 --disable-sjlj-exceptions --disable-shared --disable-tls --disable-libitm --with-float=soft --with-fpu=vfp --with-arch=armv5te --enable-target-optspace --enable-bionic-libs --enable-libatomic-ifuncs=no --enable-initfini-array --disable-nls --prefix=/tmp/0899942388fbb00fc6ca4802fb5910ae --with-sysroot=/tmp/0899942388fbb00fc6ca4802fb5910ae/sysroot --with-binutils-version=2.25 --with-mpfr-version=3.1.1 --with-mpc-version=1.0.1 --with-gmp-version=5.0.5 --with-gcc-version=4.9 --with-gdb-version=none --with-gxx-include-dir=/tmp/0899942388fbb00fc6ca4802fb5910ae/include/c++/4.9.x --with-bugurl=http://source.android.com/source/report-bugs.html --enable-languages=c,c++ --disable-bootstrap --enable-plugins --enable-libgomp --enable-gnu-indirect-function --disable-libsanitizer --enable-gold --enable-threads --enable-eh-frame-hdr-for-static --enable-graphite=yes --with-isl-version=0.11.1 --with-cloog-version=0.18.0 --with-arch=armv5te --program-transform-name='s&^&arm-linux-androideabi-&' --enable-gold=default
Thread model: posix
gcc version 4.9.x 20150123 (prerelease) (GCC) 
configure:3399: $? = 0
configure:3388: arm-linux-androideabi-gcc -V >&5
arm-linux-androideabi-gcc: error: unrecognized command line option '-V'
arm-linux-androideabi-gcc: fatal error: no input files
compilation terminated.
configure:3399: $? = 1
configure:3388: arm-linux-androideabi-gcc -qversion >&5
arm-linux-androideabi-gcc: error: unrecognized command line option '-qversion'
arm-linux-androideabi-gcc: fatal error: no input files
compilation terminated.
configure:3399: $? = 1
configure:3419: checking whether the C compiler works
configure:3441: arm-linux-androideabi-gcc --sysroot=/Users/luolongzhi/Software/android-ndk-for-mac/android-ndk-r15c/platforms/android-22/arch-arm/ --sysroot=/Users/luolongzhi/Software/android-ndk-for-mac/android-ndk-r15c/platforms/android-22/arch-arm/  conftest.c  >&5
configure:3445: $? = 0
configure:3494: result: yes
configure:3497: checking for C compiler default output file name
configure:3499: result: a.out
configure:3505: checking for suffix of executables
configure:3512: arm-linux-androideabi-gcc -o conftest --sysroot=/Users/luolongzhi/Software/android-ndk-for-mac/android-ndk-r15c/platforms/android-22/arch-arm/ --sysroot=/Users/luolongzhi/Software/android-ndk-for-mac/android-ndk-r15c/platforms/android-22/arch-arm/  conftest.c  >&5
configure:3516: $? = 0
configure:3538: result: 
configure:3560: checking whether we are cross compiling
configure:3598: result: yes
configure:3603: checking for suffix of object files
configure:3625: arm-linux-androideabi-gcc -c --sysroot=/Users/luolongzhi/Software/android-ndk-for-mac/android-ndk-r15c/platforms/android-22/arch-arm/ --sysroot=/Users/luolongzhi/Software/android-ndk-for-mac/android-ndk-r15c/platforms/android-22/arch-arm/ conftest.c >&5
configure:3629: $? = 0
configure:3650: result: o
configure:3654: checking whether we are using the GNU C compiler
configure:3673: arm-linux-androideabi-gcc -c --sysroot=/Users/luolongzhi/Software/android-ndk-for-mac/android-ndk-r15c/platforms/android-22/arch-arm/ --sysroot=/Users/luolongzhi/Software/android-ndk-for-mac/android-ndk-r15c/platforms/android-22/arch-arm/ conftest.c >&5
configure:3673: $? = 0
configure:3682: result: yes
configure:3691: checking whether arm-linux-androideabi-gcc accepts -g
configure:3711: arm-linux-androideabi-gcc -c -g --sysroot=/Users/luolongzhi/Software/android-ndk-for-mac/android-ndk-r15c/platforms/android-22/arch-arm/ conftest.c >&5
configure:3711: $? = 0
configure:3752: result: yes
configure:3769: checking for arm-linux-androideabi-gcc option to accept ISO C89
configure:3833: arm-linux-androideabi-gcc  -c --sysroot=/Users/luolongzhi/Software/android-ndk-for-mac/android-ndk-r15c/platforms/android-22/arch-arm/ --sysroot=/Users/luolongzhi/Software/android-ndk-for-mac/android-ndk-r15c/platforms/android-22/arch-arm/ conftest.c >&5
configure:3833: $? = 0
configure:3846: result: none needed
configure:3871: checking whether arm-linux-androideabi-gcc understands -c and -o together
configure:3893: arm-linux-androideabi-gcc -c conftest.c -o conftest2.o
configure:3896: $? = 0
configure:3893: arm-linux-androideabi-gcc -c conftest.c -o conftest2.o
configure:3896: $? = 0
configure:3908: result: yes
configure:3927: checking dependency style of arm-linux-androideabi-gcc
configure:4038: result: gcc3
configure:4053: checking for a sed that does not truncate output
configure:4117: result: /usr/local/bin/gsed
configure:4135: checking for grep that handles long lines and -e
configure:4193: result: /usr/bin/grep
configure:4198: checking for egrep
configure:4260: result: /usr/bin/grep -E
configure:4265: checking for fgrep
configure:4327: result: /usr/bin/grep -F
configure:4362: checking for ld used by arm-linux-androideabi-gcc
configure:4429: result: /Users/luolongzhi/Software/android-ndk-for-mac/android-ndk-r15c/toolchains/arm-linux-androideabi-4.9/prebuilt/darwin-x86_64/arm-linux-androideabi/bin/ld
configure:4436: checking if the linker (/Users/luolongzhi/Software/android-ndk-for-mac/android-ndk-r15c/toolchains/arm-linux-androideabi-4.9/prebuilt/darwin-x86_64/arm-linux-androideabi/bin/ld) is GNU ld
configure:4451: result: yes
configure:4463: checking for BSD- or MS-compatible name lister (nm)
configure:4517: result: /Users/luolongzhi/Software/android-ndk-for-mac/android-ndk-r15c/toolchains/arm-linux-androideabi-4.9/prebuilt/darwin-x86_64/bin/arm-linux-androideabi-nm -B
configure:4647: checking the name lister (/Users/luolongzhi/Software/android-ndk-for-mac/android-ndk-r15c/toolchains/arm-linux-androideabi-4.9/prebuilt/darwin-x86_64/bin/arm-linux-androideabi-nm -B) interface
configure:4654: arm-linux-androideabi-gcc -c --sysroot=/Users/luolongzhi/Software/android-ndk-for-mac/android-ndk-r15c/platforms/android-22/arch-arm/ --sysroot=/Users/luolongzhi/Software/android-ndk-for-mac/android-ndk-r15c/platforms/android-22/arch-arm/ conftest.c >&5
configure:4657: /Users/luolongzhi/Software/android-ndk-for-mac/android-ndk-r15c/toolchains/arm-linux-androideabi-4.9/prebuilt/darwin-x86_64/bin/arm-linux-androideabi-nm -B "conftest.o"
configure:4660: output
00000000 B some_variable
configure:4667: result: BSD nm
configure:4670: checking whether ln -s works
configure:4674: result: yes
configure:4682: checking the maximum length of command line arguments
configure:4813: result: 196608
configure:4861: checking how to convert x86_64-pc-none file names to arm-unknown-linux-androideabi format
configure:4901: result: func_convert_file_noop
configure:4908: checking how to convert x86_64-pc-none file names to toolchain format
configure:4928: result: func_convert_file_noop
configure:4935: checking for /Users/luolongzhi/Software/android-ndk-for-mac/android-ndk-r15c/toolchains/arm-linux-androideabi-4.9/prebuilt/darwin-x86_64/arm-linux-androideabi/bin/ld option to reload object files
configure:4942: result: -r
configure:4976: checking for arm-linux-androideabi-objdump
configure:4992: found /Users/luolongzhi/Software/android-ndk-for-mac/android-ndk-r15c/toolchains/arm-linux-androideabi-4.9/prebuilt/darwin-x86_64/bin/arm-linux-androideabi-objdump
configure:5003: result: arm-linux-androideabi-objdump
configure:5075: checking how to recognize dependent libraries
configure:5275: result: pass_all
configure:5320: checking for arm-linux-androideabi-dlltool
configure:5350: result: no
configure:5360: checking for dlltool
configure:5390: result: no
configure:5420: checking how to associate runtime and link libraries
configure:5447: result: printf %s\n
configure:5464: checking for arm-linux-androideabi-ar
configure:5480: found /Users/luolongzhi/Software/android-ndk-for-mac/android-ndk-r15c/toolchains/arm-linux-androideabi-4.9/prebuilt/darwin-x86_64/bin/arm-linux-androideabi-ar
configure:5491: result: arm-linux-androideabi-ar
configure:5572: checking for archiver @FILE support
configure:5589: arm-linux-androideabi-gcc -c --sysroot=/Users/luolongzhi/Software/android-ndk-for-mac/android-ndk-r15c/platforms/android-22/arch-arm/ --sysroot=/Users/luolongzhi/Software/android-ndk-for-mac/android-ndk-r15c/platforms/android-22/arch-arm/ conftest.c >&5
configure:5589: $? = 0
configure:5592: arm-linux-androideabi-ar cru libconftest.a @conftest.lst >&5
configure:5595: $? = 0
configure:5600: arm-linux-androideabi-ar cru libconftest.a @conftest.lst >&5
arm-linux-androideabi-ar: conftest.o: No such file or directory
configure:5603: $? = 1
configure:5615: result: @
configure:5633: checking for arm-linux-androideabi-strip
configure:5660: result: arm-linux-androideabi-strip
configure:5732: checking for arm-linux-androideabi-ranlib
configure:5748: found /Users/luolongzhi/Software/android-ndk-for-mac/android-ndk-r15c/toolchains/arm-linux-androideabi-4.9/prebuilt/darwin-x86_64/bin/arm-linux-androideabi-ranlib
configure:5759: result: arm-linux-androideabi-ranlib
configure:5901: checking command to parse /Users/luolongzhi/Software/android-ndk-for-mac/android-ndk-r15c/toolchains/arm-linux-androideabi-4.9/prebuilt/darwin-x86_64/bin/arm-linux-androideabi-nm -B output from arm-linux-androideabi-gcc object
configure:6054: arm-linux-androideabi-gcc -c --sysroot=/Users/luolongzhi/Software/android-ndk-for-mac/android-ndk-r15c/platforms/android-22/arch-arm/ --sysroot=/Users/luolongzhi/Software/android-ndk-for-mac/android-ndk-r15c/platforms/android-22/arch-arm/ conftest.c >&5
configure:6057: $? = 0
configure:6061: /Users/luolongzhi/Software/android-ndk-for-mac/android-ndk-r15c/toolchains/arm-linux-androideabi-4.9/prebuilt/darwin-x86_64/bin/arm-linux-androideabi-nm -B conftest.o \| sed -n -e 's/^.*[ ]\([ABCDGIRSTW][ABCDGIRSTW]*\)[ ][ ]*\([_A-Za-z][_A-Za-z0-9]*\)$/\1 \2 \2/p' | sed '/ __gnu_lto/d' \> conftest.nm
configure:6064: $? = 0
configure:6130: arm-linux-androideabi-gcc -o conftest --sysroot=/Users/luolongzhi/Software/android-ndk-for-mac/android-ndk-r15c/platforms/android-22/arch-arm/ --sysroot=/Users/luolongzhi/Software/android-ndk-for-mac/android-ndk-r15c/platforms/android-22/arch-arm/  conftest.c conftstm.o >&5
configure:6133: $? = 0
configure:6171: result: ok
configure:6218: checking for sysroot
configure:6248: result: /Users/luolongzhi/Software/android-ndk-for-mac/android-ndk-r15c/platforms/android-22/arch-arm/
configure:6255: checking for a working dd
configure:6293: result: /bin/dd
configure:6297: checking how to truncate binary pipes
configure:6312: result: /bin/dd bs=4096 count=1
configure:6601: checking for arm-linux-androideabi-mt
configure:6631: result: no
configure:6641: checking for mt
configure:6671: result: no
configure:6691: checking if : is a manifest tool
configure:6697: : '-?'
configure:6705: result: no
configure:7382: checking how to run the C preprocessor
configure:7413: arm-linux-androideabi-gcc -E --sysroot=/Users/luolongzhi/Software/android-ndk-for-mac/android-ndk-r15c/platforms/android-22/arch-arm/ conftest.c
configure:7413: $? = 0
configure:7427: arm-linux-androideabi-gcc -E --sysroot=/Users/luolongzhi/Software/android-ndk-for-mac/android-ndk-r15c/platforms/android-22/arch-arm/ conftest.c
conftest.c:11:28: fatal error: ac_nonexistent.h: No such file or directory
 #include <ac_nonexistent.h>
                            ^
compilation terminated.
configure:7427: $? = 1
configure: failed program was:
| /* confdefs.h */
| #define PACKAGE_NAME "xaudiopro"
| #define PACKAGE_TARNAME "xaudiopro"
| #define PACKAGE_VERSION "1.0"
| #define PACKAGE_STRING "xaudiopro 1.0"
| #define PACKAGE_BUGREPORT "luolongzhi@gmail.com"
| #define PACKAGE_URL ""
| #define PACKAGE "xaudiopro"
| #define VERSION "1.0"
| /* end confdefs.h.  */
| #include <ac_nonexistent.h>
configure:7452: result: arm-linux-androideabi-gcc -E
configure:7472: arm-linux-androideabi-gcc -E --sysroot=/Users/luolongzhi/Software/android-ndk-for-mac/android-ndk-r15c/platforms/android-22/arch-arm/ conftest.c
configure:7472: $? = 0
configure:7486: arm-linux-androideabi-gcc -E --sysroot=/Users/luolongzhi/Software/android-ndk-for-mac/android-ndk-r15c/platforms/android-22/arch-arm/ conftest.c
conftest.c:11:28: fatal error: ac_nonexistent.h: No such file or directory
 #include <ac_nonexistent.h>
                            ^
compilation terminated.
configure:7486: $? = 1
configure: failed program was:
| /* confdefs.h */
| #define PACKAGE_NAME "xaudiopro"
| #define PACKAGE_TARNAME "xaudiopro"
| #define PACKAGE_VERSION "1.0"
| #define PACKAGE_STRING "xaudiopro 1.0"
| #define PACKAGE_BUGREPORT "luolongzhi@gmail.com"
| #define PACKAGE_URL ""
| #define PACKAGE "xaudiopro"
| #define VERSION "1.0"
| /* end confdefs.h.  */
| #include <ac_nonexistent.h>
configure:7515: checking for ANSI C header files
configure:7535: arm-linux-androideabi-gcc -c --sysroot=/Users/luolongzhi/Software/android-ndk-for-mac/android-ndk-r15c/platforms/android-22/arch-arm/ --sysroot=/Users/luolongzhi/Software/android-ndk-for-mac/android-ndk-r15c/platforms/android-22/arch-arm/ conftest.c >&5
configure:7535: $? = 0
configure:7619: result: yes
configure:7632: checking for sys/types.h
configure:7632: arm-linux-androideabi-gcc -c --sysroot=/Users/luolongzhi/Software/android-ndk-for-mac/android-ndk-r15c/platforms/android-22/arch-arm/ --sysroot=/Users/luolongzhi/Software/android-ndk-for-mac/android-ndk-r15c/platforms/android-22/arch-arm/ conftest.c >&5
configure:7632: $? = 0
configure:7632: result: yes
configure:7632: checking for sys/stat.h
configure:7632: arm-linux-androideabi-gcc -c --sysroot=/Users/luolongzhi/Software/android-ndk-for-mac/android-ndk-r15c/platforms/android-22/arch-arm/ --sysroot=/Users/luolongzhi/Software/android-ndk-for-mac/android-ndk-r15c/platforms/android-22/arch-arm/ conftest.c >&5
configure:7632: $? = 0
configure:7632: result: yes
configure:7632: checking for stdlib.h
configure:7632: arm-linux-androideabi-gcc -c --sysroot=/Users/luolongzhi/Software/android-ndk-for-mac/android-ndk-r15c/platforms/android-22/arch-arm/ --sysroot=/Users/luolongzhi/Software/android-ndk-for-mac/android-ndk-r15c/platforms/android-22/arch-arm/ conftest.c >&5
configure:7632: $? = 0
configure:7632: result: yes
configure:7632: checking for string.h
configure:7632: arm-linux-androideabi-gcc -c --sysroot=/Users/luolongzhi/Software/android-ndk-for-mac/android-ndk-r15c/platforms/android-22/arch-arm/ --sysroot=/Users/luolongzhi/Software/android-ndk-for-mac/android-ndk-r15c/platforms/android-22/arch-arm/ conftest.c >&5
configure:7632: $? = 0
configure:7632: result: yes
configure:7632: checking for memory.h
configure:7632: arm-linux-androideabi-gcc -c --sysroot=/Users/luolongzhi/Software/android-ndk-for-mac/android-ndk-r15c/platforms/android-22/arch-arm/ --sysroot=/Users/luolongzhi/Software/android-ndk-for-mac/android-ndk-r15c/platforms/android-22/arch-arm/ conftest.c >&5
configure:7632: $? = 0
configure:7632: result: yes
configure:7632: checking for strings.h
configure:7632: arm-linux-androideabi-gcc -c --sysroot=/Users/luolongzhi/Software/android-ndk-for-mac/android-ndk-r15c/platforms/android-22/arch-arm/ --sysroot=/Users/luolongzhi/Software/android-ndk-for-mac/android-ndk-r15c/platforms/android-22/arch-arm/ conftest.c >&5
configure:7632: $? = 0
configure:7632: result: yes
configure:7632: checking for inttypes.h
configure:7632: arm-linux-androideabi-gcc -c --sysroot=/Users/luolongzhi/Software/android-ndk-for-mac/android-ndk-r15c/platforms/android-22/arch-arm/ --sysroot=/Users/luolongzhi/Software/android-ndk-for-mac/android-ndk-r15c/platforms/android-22/arch-arm/ conftest.c >&5
configure:7632: $? = 0
configure:7632: result: yes
configure:7632: checking for stdint.h
configure:7632: arm-linux-androideabi-gcc -c --sysroot=/Users/luolongzhi/Software/android-ndk-for-mac/android-ndk-r15c/platforms/android-22/arch-arm/ --sysroot=/Users/luolongzhi/Software/android-ndk-for-mac/android-ndk-r15c/platforms/android-22/arch-arm/ conftest.c >&5
configure:7632: $? = 0
configure:7632: result: yes
configure:7632: checking for unistd.h
configure:7632: arm-linux-androideabi-gcc -c --sysroot=/Users/luolongzhi/Software/android-ndk-for-mac/android-ndk-r15c/platforms/android-22/arch-arm/ --sysroot=/Users/luolongzhi/Software/android-ndk-for-mac/android-ndk-r15c/platforms/android-22/arch-arm/ conftest.c >&5
configure:7632: $? = 0
configure:7632: result: yes
configure:7647: checking for dlfcn.h
configure:7647: arm-linux-androideabi-gcc -c --sysroot=/Users/luolongzhi/Software/android-ndk-for-mac/android-ndk-r15c/platforms/android-22/arch-arm/ --sysroot=/Users/luolongzhi/Software/android-ndk-for-mac/android-ndk-r15c/platforms/android-22/arch-arm/ conftest.c >&5
configure:7647: $? = 0
configure:7647: result: yes
configure:7903: checking for objdir
configure:7918: result: .libs
configure:8178: checking if arm-linux-androideabi-gcc supports -fno-rtti -fno-exceptions
configure:8196: arm-linux-androideabi-gcc -c --sysroot=/Users/luolongzhi/Software/android-ndk-for-mac/android-ndk-r15c/platforms/android-22/arch-arm/ --sysroot=/Users/luolongzhi/Software/android-ndk-for-mac/android-ndk-r15c/platforms/android-22/arch-arm/ -fno-rtti -fno-exceptions conftest.c >&5
cc1: warning: command line option '-fno-rtti' is valid for C++/ObjC++ but not for C
configure:8200: $? = 0
configure:8213: result: no
configure:8571: checking for arm-linux-androideabi-gcc option to produce PIC
configure:8578: result: -fPIC -DPIC
configure:8586: checking if arm-linux-androideabi-gcc PIC flag -fPIC -DPIC works
configure:8604: arm-linux-androideabi-gcc -c --sysroot=/Users/luolongzhi/Software/android-ndk-for-mac/android-ndk-r15c/platforms/android-22/arch-arm/ --sysroot=/Users/luolongzhi/Software/android-ndk-for-mac/android-ndk-r15c/platforms/android-22/arch-arm/ -fPIC -DPIC -DPIC conftest.c >&5
configure:8608: $? = 0
configure:8621: result: yes
configure:8650: checking if arm-linux-androideabi-gcc static flag -static works
configure:8678: result: yes
configure:8693: checking if arm-linux-androideabi-gcc supports -c -o file.o
configure:8714: arm-linux-androideabi-gcc -c --sysroot=/Users/luolongzhi/Software/android-ndk-for-mac/android-ndk-r15c/platforms/android-22/arch-arm/ --sysroot=/Users/luolongzhi/Software/android-ndk-for-mac/android-ndk-r15c/platforms/android-22/arch-arm/ -o out/conftest2.o conftest.c >&5
configure:8718: $? = 0
configure:8740: result: yes
configure:8748: checking if arm-linux-androideabi-gcc supports -c -o file.o
configure:8795: result: yes
configure:8828: checking whether the arm-linux-androideabi-gcc linker (/Users/luolongzhi/Software/android-ndk-for-mac/android-ndk-r15c/toolchains/arm-linux-androideabi-4.9/prebuilt/darwin-x86_64/arm-linux-androideabi/bin/ld) supports shared libraries
configure:10087: result: yes
configure:10124: checking whether -lc should be explicitly linked in
configure:10132: arm-linux-androideabi-gcc -c --sysroot=/Users/luolongzhi/Software/android-ndk-for-mac/android-ndk-r15c/platforms/android-22/arch-arm/ --sysroot=/Users/luolongzhi/Software/android-ndk-for-mac/android-ndk-r15c/platforms/android-22/arch-arm/ conftest.c >&5
configure:10135: $? = 0
configure:10150: arm-linux-androideabi-gcc -shared  -fPIC -DPIC conftest.o  -v -Wl,-soname -Wl,conftest -o conftest 2\>\&1 \| /usr/bin/grep  -lc  \>/dev/null 2\>\&1
configure:10153: $? = 0
configure:10167: result: no
configure:10327: checking dynamic linker characteristics
configure:11145: result: Android linker
configure:11267: checking how to hardcode library paths into programs
configure:11292: result: immediate
configure:11840: checking whether stripping libraries is possible
configure:11845: result: yes
configure:11880: checking if libtool supports shared libraries
configure:11882: result: yes
configure:11885: checking whether to build shared libraries
configure:11910: result: yes
configure:11913: checking whether to build static libraries
configure:11917: result: yes
configure:11964: checking for arm-linux-androideabi-gcc
configure:11991: result: arm-linux-androideabi-gcc
configure:12260: checking for C compiler version
configure:12269: arm-linux-androideabi-gcc --version >&5
arm-linux-androideabi-gcc (GCC) 4.9.x 20150123 (prerelease)
Copyright (C) 2014 Free Software Foundation, Inc.
This is free software; see the source for copying conditions.  There is NO
warranty; not even for MERCHANTABILITY or FITNESS FOR A PARTICULAR PURPOSE.

configure:12280: $? = 0
configure:12269: arm-linux-androideabi-gcc -v >&5
Using built-in specs.
COLLECT_GCC=arm-linux-androideabi-gcc
COLLECT_LTO_WRAPPER=/Users/luolongzhi/Software/android-ndk-for-mac/android-ndk-r15c/toolchains/arm-linux-androideabi-4.9/prebuilt/darwin-x86_64/bin/../libexec/gcc/arm-linux-androideabi/4.9.x/lto-wrapper
Target: arm-linux-androideabi
Configured with: /Volumes/Android/buildbot/src/android/gcc/toolchain/build/../gcc/gcc-4.9/configure --prefix=/tmp/0899942388fbb00fc6ca4802fb5910ae --target=arm-linux-androideabi --host=x86_64-apple-darwin --build=x86_64-apple-darwin --with-gnu-as --with-gnu-ld --enable-languages=c,c++ --with-gmp=/buildbot/tmp/build/toolchain/temp-install --with-mpfr=/buildbot/tmp/build/toolchain/temp-install --with-mpc=/buildbot/tmp/build/toolchain/temp-install --with-cloog=/buildbot/tmp/build/toolchain/temp-install --with-isl=/buildbot/tmp/build/toolchain/temp-install --with-ppl=/buildbot/tmp/build/toolchain/temp-install --disable-ppl-version-check --disable-cloog-version-check --disable-isl-version-check --enable-cloog-backend=isl --with-host-libstdcxx='-static-libgcc -lstdc++ -lm' --disable-libssp --enable-threads --disable-nls --disable-libmudflap --disable-libgomp --disable-libstdc__-v3 --disable-sjlj-exceptions --disable-shared --disable-tls --disable-libitm --with-float=soft --with-fpu=vfp --with-arch=armv5te --enable-target-optspace --enable-bionic-libs --enable-libatomic-ifuncs=no --enable-initfini-array --disable-nls --prefix=/tmp/0899942388fbb00fc6ca4802fb5910ae --with-sysroot=/tmp/0899942388fbb00fc6ca4802fb5910ae/sysroot --with-binutils-version=2.25 --with-mpfr-version=3.1.1 --with-mpc-version=1.0.1 --with-gmp-version=5.0.5 --with-gcc-version=4.9 --with-gdb-version=none --with-gxx-include-dir=/tmp/0899942388fbb00fc6ca4802fb5910ae/include/c++/4.9.x --with-bugurl=http://source.android.com/source/report-bugs.html --enable-languages=c,c++ --disable-bootstrap --enable-plugins --enable-libgomp --enable-gnu-indirect-function --disable-libsanitizer --enable-gold --enable-threads --enable-eh-frame-hdr-for-static --enable-graphite=yes --with-isl-version=0.11.1 --with-cloog-version=0.18.0 --with-arch=armv5te --program-transform-name='s&^&arm-linux-androideabi-&' --enable-gold=default
Thread model: posix
gcc version 4.9.x 20150123 (prerelease) (GCC) 
configure:12280: $? = 0
configure:12269: arm-linux-androideabi-gcc -V >&5
arm-linux-androideabi-gcc: error: unrecognized command line option '-V'
arm-linux-androideabi-gcc: fatal error: no input files
compilation terminated.
configure:12280: $? = 1
configure:12269: arm-linux-androideabi-gcc -qversion >&5
arm-linux-androideabi-gcc: error: unrecognized command line option '-qversion'
arm-linux-androideabi-gcc: fatal error: no input files
compilation terminated.
configure:12280: $? = 1
configure:12284: checking whether we are using the GNU C compiler
configure:12312: result: yes
configure:12321: checking whether arm-linux-androideabi-gcc accepts -g
configure:12382: result: yes
configure:12399: checking for arm-linux-androideabi-gcc option to accept ISO C89
configure:12476: result: none needed
configure:12501: checking whether arm-linux-androideabi-gcc understands -c and -o together
configure:12538: result: yes
configure:12557: checking dependency style of arm-linux-androideabi-gcc
configure:12668: result: gcc3
configure:12690: checking for memory.h
configure:12690: result: yes
configure:12690: checking for stdint.h
configure:12690: result: yes
configure:12690: checking for stdlib.h
configure:12690: result: yes
configure:12690: checking for string.h
configure:12690: result: yes
configure:12690: checking for strings.h
configure:12690: result: yes
configure:12690: checking for unistd.h
configure:12690: result: yes
configure:12703: checking for stdbool.h that conforms to C99
configure:12788: arm-linux-androideabi-gcc -c --sysroot=/Users/luolongzhi/Software/android-ndk-for-mac/android-ndk-r15c/platforms/android-22/arch-arm/ --sysroot=/Users/luolongzhi/Software/android-ndk-for-mac/android-ndk-r15c/platforms/android-22/arch-arm/ conftest.c >&5
configure:12788: $? = 0
configure:12795: result: yes
configure:12797: checking for _Bool
configure:12797: arm-linux-androideabi-gcc -c --sysroot=/Users/luolongzhi/Software/android-ndk-for-mac/android-ndk-r15c/platforms/android-22/arch-arm/ --sysroot=/Users/luolongzhi/Software/android-ndk-for-mac/android-ndk-r15c/platforms/android-22/arch-arm/ conftest.c >&5
configure:12797: $? = 0
configure:12797: arm-linux-androideabi-gcc -c --sysroot=/Users/luolongzhi/Software/android-ndk-for-mac/android-ndk-r15c/platforms/android-22/arch-arm/ --sysroot=/Users/luolongzhi/Software/android-ndk-for-mac/android-ndk-r15c/platforms/android-22/arch-arm/ conftest.c >&5
conftest.c: In function 'main':
conftest.c:65:20: error: expected expression before ')' token
 if (sizeof ((_Bool)))
                    ^
configure:12797: $? = 1
configure: failed program was:
| /* confdefs.h */
| #define PACKAGE_NAME "xaudiopro"
| #define PACKAGE_TARNAME "xaudiopro"
| #define PACKAGE_VERSION "1.0"
| #define PACKAGE_STRING "xaudiopro 1.0"
| #define PACKAGE_BUGREPORT "luolongzhi@gmail.com"
| #define PACKAGE_URL ""
| #define PACKAGE "xaudiopro"
| #define VERSION "1.0"
| #define STDC_HEADERS 1
| #define HAVE_SYS_TYPES_H 1
| #define HAVE_SYS_STAT_H 1
| #define HAVE_STDLIB_H 1
| #define HAVE_STRING_H 1
| #define HAVE_MEMORY_H 1
| #define HAVE_STRINGS_H 1
| #define HAVE_INTTYPES_H 1
| #define HAVE_STDINT_H 1
| #define HAVE_UNISTD_H 1
| #define HAVE_DLFCN_H 1
| #define LT_OBJDIR ".libs/"
| #define HAVE_MEMORY_H 1
| #define HAVE_STDINT_H 1
| #define HAVE_STDLIB_H 1
| #define HAVE_STRING_H 1
| #define HAVE_STRINGS_H 1
| #define HAVE_UNISTD_H 1
| /* end confdefs.h.  */
| #include <stdio.h>
| #ifdef HAVE_SYS_TYPES_H
| # include <sys/types.h>
| #endif
| #ifdef HAVE_SYS_STAT_H
| # include <sys/stat.h>
| #endif
| #ifdef STDC_HEADERS
| # include <stdlib.h>
| # include <stddef.h>
| #else
| # ifdef HAVE_STDLIB_H
| #  include <stdlib.h>
| # endif
| #endif
| #ifdef HAVE_STRING_H
| # if !defined STDC_HEADERS && defined HAVE_MEMORY_H
| #  include <memory.h>
| # endif
| # include <string.h>
| #endif
| #ifdef HAVE_STRINGS_H
| # include <strings.h>
| #endif
| #ifdef HAVE_INTTYPES_H
| # include <inttypes.h>
| #endif
| #ifdef HAVE_STDINT_H
| # include <stdint.h>
| #endif
| #ifdef HAVE_UNISTD_H
| # include <unistd.h>
| #endif
| int
| main ()
| {
| if (sizeof ((_Bool)))
| 	    return 0;
|   ;
|   return 0;
| }
configure:12797: result: yes
configure:12813: checking for inline
configure:12829: arm-linux-androideabi-gcc -c --sysroot=/Users/luolongzhi/Software/android-ndk-for-mac/android-ndk-r15c/platforms/android-22/arch-arm/ --sysroot=/Users/luolongzhi/Software/android-ndk-for-mac/android-ndk-r15c/platforms/android-22/arch-arm/ conftest.c >&5
configure:12829: $? = 0
configure:12837: result: inline
configure:12855: checking for size_t
configure:12855: arm-linux-androideabi-gcc -c --sysroot=/Users/luolongzhi/Software/android-ndk-for-mac/android-ndk-r15c/platforms/android-22/arch-arm/ --sysroot=/Users/luolongzhi/Software/android-ndk-for-mac/android-ndk-r15c/platforms/android-22/arch-arm/ conftest.c >&5
configure:12855: $? = 0
configure:12855: arm-linux-androideabi-gcc -c --sysroot=/Users/luolongzhi/Software/android-ndk-for-mac/android-ndk-r15c/platforms/android-22/arch-arm/ --sysroot=/Users/luolongzhi/Software/android-ndk-for-mac/android-ndk-r15c/platforms/android-22/arch-arm/ conftest.c >&5
conftest.c: In function 'main':
conftest.c:67:21: error: expected expression before ')' token
 if (sizeof ((size_t)))
                     ^
configure:12855: $? = 1
configure: failed program was:
| /* confdefs.h */
| #define PACKAGE_NAME "xaudiopro"
| #define PACKAGE_TARNAME "xaudiopro"
| #define PACKAGE_VERSION "1.0"
| #define PACKAGE_STRING "xaudiopro 1.0"
| #define PACKAGE_BUGREPORT "luolongzhi@gmail.com"
| #define PACKAGE_URL ""
| #define PACKAGE "xaudiopro"
| #define VERSION "1.0"
| #define STDC_HEADERS 1
| #define HAVE_SYS_TYPES_H 1
| #define HAVE_SYS_STAT_H 1
| #define HAVE_STDLIB_H 1
| #define HAVE_STRING_H 1
| #define HAVE_MEMORY_H 1
| #define HAVE_STRINGS_H 1
| #define HAVE_INTTYPES_H 1
| #define HAVE_STDINT_H 1
| #define HAVE_UNISTD_H 1
| #define HAVE_DLFCN_H 1
| #define LT_OBJDIR ".libs/"
| #define HAVE_MEMORY_H 1
| #define HAVE_STDINT_H 1
| #define HAVE_STDLIB_H 1
| #define HAVE_STRING_H 1
| #define HAVE_STRINGS_H 1
| #define HAVE_UNISTD_H 1
| #define HAVE__BOOL 1
| #define HAVE_STDBOOL_H 1
| /* end confdefs.h.  */
| #include <stdio.h>
| #ifdef HAVE_SYS_TYPES_H
| # include <sys/types.h>
| #endif
| #ifdef HAVE_SYS_STAT_H
| # include <sys/stat.h>
| #endif
| #ifdef STDC_HEADERS
| # include <stdlib.h>
| # include <stddef.h>
| #else
| # ifdef HAVE_STDLIB_H
| #  include <stdlib.h>
| # endif
| #endif
| #ifdef HAVE_STRING_H
| # if !defined STDC_HEADERS && defined HAVE_MEMORY_H
| #  include <memory.h>
| # endif
| # include <string.h>
| #endif
| #ifdef HAVE_STRINGS_H
| # include <strings.h>
| #endif
| #ifdef HAVE_INTTYPES_H
| # include <inttypes.h>
| #endif
| #ifdef HAVE_STDINT_H
| # include <stdint.h>
| #endif
| #ifdef HAVE_UNISTD_H
| # include <unistd.h>
| #endif
| int
| main ()
| {
| if (sizeof ((size_t)))
| 	    return 0;
|   ;
|   return 0;
| }
configure:12855: result: yes
configure:12870: checking for stdlib.h
configure:12870: result: yes
configure:12880: checking for GNU libc compatible malloc
configure:12914: result: no
configure:12938: checking for memset
configure:12938: arm-linux-androideabi-gcc -o conftest --sysroot=/Users/luolongzhi/Software/android-ndk-for-mac/android-ndk-r15c/platforms/android-22/arch-arm/ --sysroot=/Users/luolongzhi/Software/android-ndk-for-mac/android-ndk-r15c/platforms/android-22/arch-arm/  conftest.c  >&5
conftest.c:57:6: warning: conflicting types for built-in function 'memset'
 char memset ();
      ^
configure:12938: $? = 0
configure:12938: result: yes
configure:12938: checking for mkdir
configure:12938: arm-linux-androideabi-gcc -o conftest --sysroot=/Users/luolongzhi/Software/android-ndk-for-mac/android-ndk-r15c/platforms/android-22/arch-arm/ --sysroot=/Users/luolongzhi/Software/android-ndk-for-mac/android-ndk-r15c/platforms/android-22/arch-arm/  conftest.c  >&5
configure:12938: $? = 0
configure:12938: result: yes
configure:12938: checking for pow
configure:12938: arm-linux-androideabi-gcc -o conftest --sysroot=/Users/luolongzhi/Software/android-ndk-for-mac/android-ndk-r15c/platforms/android-22/arch-arm/ --sysroot=/Users/luolongzhi/Software/android-ndk-for-mac/android-ndk-r15c/platforms/android-22/arch-arm/  conftest.c  >&5
conftest.c:59:6: warning: conflicting types for built-in function 'pow'
 char pow ();
      ^
/var/folders/hx/011922v119j9q63px17hg0_h0000gn/T//ccuXlzWM.o:conftest.c:function main: error: undefined reference to 'pow'
collect2: error: ld returned 1 exit status
configure:12938: $? = 1
configure: failed program was:
| /* confdefs.h */
| #define PACKAGE_NAME "xaudiopro"
| #define PACKAGE_TARNAME "xaudiopro"
| #define PACKAGE_VERSION "1.0"
| #define PACKAGE_STRING "xaudiopro 1.0"
| #define PACKAGE_BUGREPORT "luolongzhi@gmail.com"
| #define PACKAGE_URL ""
| #define PACKAGE "xaudiopro"
| #define VERSION "1.0"
| #define STDC_HEADERS 1
| #define HAVE_SYS_TYPES_H 1
| #define HAVE_SYS_STAT_H 1
| #define HAVE_STDLIB_H 1
| #define HAVE_STRING_H 1
| #define HAVE_MEMORY_H 1
| #define HAVE_STRINGS_H 1
| #define HAVE_INTTYPES_H 1
| #define HAVE_STDINT_H 1
| #define HAVE_UNISTD_H 1
| #define HAVE_DLFCN_H 1
| #define LT_OBJDIR ".libs/"
| #define HAVE_MEMORY_H 1
| #define HAVE_STDINT_H 1
| #define HAVE_STDLIB_H 1
| #define HAVE_STRING_H 1
| #define HAVE_STRINGS_H 1
| #define HAVE_UNISTD_H 1
| #define HAVE__BOOL 1
| #define HAVE_STDBOOL_H 1
| #define HAVE_STDLIB_H 1
| #define HAVE_MALLOC 0
| #define malloc rpl_malloc
| #define HAVE_MEMSET 1
| #define HAVE_MKDIR 1
| /* end confdefs.h.  */
| /* Define pow to an innocuous variant, in case <limits.h> declares pow.
|    For example, HP-UX 11i <limits.h> declares gettimeofday.  */
| #define pow innocuous_pow
| 
| /* System header to define __stub macros and hopefully few prototypes,
|     which can conflict with char pow (); below.
|     Prefer <limits.h> to <assert.h> if __STDC__ is defined, since
|     <limits.h> exists even on freestanding compilers.  */
| 
| #ifdef __STDC__
| # include <limits.h>
| #else
| # include <assert.h>
| #endif
| 
| #undef pow
| 
| /* Override any GCC internal prototype to avoid an error.
|    Use char because int might match the return type of a GCC
|    builtin and then its argument prototype would still apply.  */
| #ifdef __cplusplus
| extern "C"
| #endif
| char pow ();
| /* The GNU C library defines this for functions which it implements
|     to always fail with ENOSYS.  Some functions are actually named
|     something starting with __ and the normal name is an alias.  */
| #if defined __stub_pow || defined __stub___pow
| choke me
| #endif
| 
| int
| main ()
| {
| return pow ();
|   ;
|   return 0;
| }
configure:12938: result: no
configure:12938: checking for sqrt
configure:12938: arm-linux-androideabi-gcc -o conftest --sysroot=/Users/luolongzhi/Software/android-ndk-for-mac/android-ndk-r15c/platforms/android-22/arch-arm/ --sysroot=/Users/luolongzhi/Software/android-ndk-for-mac/android-ndk-r15c/platforms/android-22/arch-arm/  conftest.c  >&5
conftest.c:59:6: warning: conflicting types for built-in function 'sqrt'
 char sqrt ();
      ^
/var/folders/hx/011922v119j9q63px17hg0_h0000gn/T//ccJIDuEu.o:conftest.c:function main: error: undefined reference to 'sqrt'
collect2: error: ld returned 1 exit status
configure:12938: $? = 1
configure: failed program was:
| /* confdefs.h */
| #define PACKAGE_NAME "xaudiopro"
| #define PACKAGE_TARNAME "xaudiopro"
| #define PACKAGE_VERSION "1.0"
| #define PACKAGE_STRING "xaudiopro 1.0"
| #define PACKAGE_BUGREPORT "luolongzhi@gmail.com"
| #define PACKAGE_URL ""
| #define PACKAGE "xaudiopro"
| #define VERSION "1.0"
| #define STDC_HEADERS 1
| #define HAVE_SYS_TYPES_H 1
| #define HAVE_SYS_STAT_H 1
| #define HAVE_STDLIB_H 1
| #define HAVE_STRING_H 1
| #define HAVE_MEMORY_H 1
| #define HAVE_STRINGS_H 1
| #define HAVE_INTTYPES_H 1
| #define HAVE_STDINT_H 1
| #define HAVE_UNISTD_H 1
| #define HAVE_DLFCN_H 1
| #define LT_OBJDIR ".libs/"
| #define HAVE_MEMORY_H 1
| #define HAVE_STDINT_H 1
| #define HAVE_STDLIB_H 1
| #define HAVE_STRING_H 1
| #define HAVE_STRINGS_H 1
| #define HAVE_UNISTD_H 1
| #define HAVE__BOOL 1
| #define HAVE_STDBOOL_H 1
| #define HAVE_STDLIB_H 1
| #define HAVE_MALLOC 0
| #define malloc rpl_malloc
| #define HAVE_MEMSET 1
| #define HAVE_MKDIR 1
| /* end confdefs.h.  */
| /* Define sqrt to an innocuous variant, in case <limits.h> declares sqrt.
|    For example, HP-UX 11i <limits.h> declares gettimeofday.  */
| #define sqrt innocuous_sqrt
| 
| /* System header to define __stub macros and hopefully few prototypes,
|     which can conflict with char sqrt (); below.
|     Prefer <limits.h> to <assert.h> if __STDC__ is defined, since
|     <limits.h> exists even on freestanding compilers.  */
| 
| #ifdef __STDC__
| # include <limits.h>
| #else
| # include <assert.h>
| #endif
| 
| #undef sqrt
| 
| /* Override any GCC internal prototype to avoid an error.
|    Use char because int might match the return type of a GCC
|    builtin and then its argument prototype would still apply.  */
| #ifdef __cplusplus
| extern "C"
| #endif
| char sqrt ();
| /* The GNU C library defines this for functions which it implements
|     to always fail with ENOSYS.  Some functions are actually named
|     something starting with __ and the normal name is an alias.  */
| #if defined __stub_sqrt || defined __stub___sqrt
| choke me
| #endif
| 
| int
| main ()
| {
| return sqrt ();
|   ;
|   return 0;
| }
configure:12938: result: no
configure:13048: checking that generated files are newer than configure
configure:13054: result: done
configure:13081: creating ./config.status

## ---------------------- ##
## Running config.status. ##
## ---------------------- ##

This file was extended by xaudiopro config.status 1.0, which was
generated by GNU Autoconf 2.65.  Invocation command line was

  CONFIG_FILES    = 
  CONFIG_HEADERS  = 
  CONFIG_LINKS    = 
  CONFIG_COMMANDS = 
  $ ./config.status 

on luolongzhideMacBook-Pro.local

config.status:1103: creating Makefile
config.status:1103: creating libxautil/Makefile
config.status:1103: creating xatools/Makefile
config.status:1103: creating config.h
config.status:1275: config.h is unchanged
config.status:1323: executing depfiles commands
config.status:1400: cd libxautil       && sed -e '/# am--include-marker/d' Makefile         | make -f - am--depfiles
make: Nothing to be done for 'am--depfiles'.
config.status:1405: $? = 0
config.status:1400: cd xatools       && sed -e '/# am--include-marker/d' Makefile         | make -f - am--depfiles
make: Nothing to be done for 'am--depfiles'.
config.status:1405: $? = 0
config.status:1323: executing libtool commands

## ---------------- ##
## Cache variables. ##
## ---------------- ##

ac_cv_build=x86_64-pc-none
ac_cv_c_compiler_gnu=yes
ac_cv_c_inline=inline
ac_cv_env_CC_set=
ac_cv_env_CC_value=
ac_cv_env_CFLAGS_set=set
ac_cv_env_CFLAGS_value=--sysroot=/Users/luolongzhi/Software/android-ndk-for-mac/android-ndk-r15c/platforms/android-22/arch-arm/
ac_cv_env_CPPFLAGS_set=set
ac_cv_env_CPPFLAGS_value=--sysroot=/Users/luolongzhi/Software/android-ndk-for-mac/android-ndk-r15c/platforms/android-22/arch-arm/
ac_cv_env_CPP_set=
ac_cv_env_CPP_value=
ac_cv_env_LDFLAGS_set=
ac_cv_env_LDFLAGS_value=
ac_cv_env_LIBS_set=
ac_cv_env_LIBS_value=
ac_cv_env_LT_SYS_LIBRARY_PATH_set=
ac_cv_env_LT_SYS_LIBRARY_PATH_value=
ac_cv_env_build_alias_set=set
ac_cv_env_build_alias_value=x86_64
ac_cv_env_host_alias_set=set
ac_cv_env_host_alias_value=arm-linux-androideabi
ac_cv_env_target_alias_set=
ac_cv_env_target_alias_value=
ac_cv_func_malloc_0_nonnull=no
ac_cv_func_memset=yes
ac_cv_func_mkdir=yes
ac_cv_func_pow=no
ac_cv_func_sqrt=no
ac_cv_header_dlfcn_h=yes
ac_cv_header_inttypes_h=yes
ac_cv_header_memory_h=yes
ac_cv_header_stdbool_h=yes
ac_cv_header_stdc=yes
ac_cv_header_stdint_h=yes
ac_cv_header_stdlib_h=yes
ac_cv_header_string_h=yes
ac_cv_header_strings_h=yes
ac_cv_header_sys_stat_h=yes
ac_cv_header_sys_types_h=yes
ac_cv_header_unistd_h=yes
ac_cv_host=arm-unknown-linux-androideabi
ac_cv_objext=o
ac_cv_path_EGREP='/usr/bin/grep -E'
ac_cv_path_FGREP='/usr/bin/grep -F'
ac_cv_path_GREP=/usr/bin/grep
ac_cv_path_SED=/usr/local/bin/gsed
ac_cv_path_install='/usr/local/bin/ginstall -c'
ac_cv_path_lt_DD=/bin/dd
ac_cv_path_mkdir=/usr/local/bin/gmkdir
ac_cv_prog_AR=arm-linux-androideabi-ar
ac_cv_prog_AWK=gawk
ac_cv_prog_CC=arm-linux-androideabi-gcc
ac_cv_prog_CPP='arm-linux-androideabi-gcc -E'
ac_cv_prog_OBJDUMP=arm-linux-androideabi-objdump
ac_cv_prog_RANLIB=arm-linux-androideabi-ranlib
ac_cv_prog_STRIP=arm-linux-androideabi-strip
ac_cv_prog_cc_c89=
ac_cv_prog_cc_g=yes
ac_cv_prog_make_make_set=yes
ac_cv_type__Bool=yes
ac_cv_type_size_t=yes
am_cv_CC_dependencies_compiler_type=gcc3
am_cv_make_support_nested_variables=yes
am_cv_prog_cc_c_o=yes
lt_cv_ar_at_file=@
lt_cv_archive_cmds_need_lc=no
lt_cv_deplibs_check_method=pass_all
lt_cv_file_magic_cmd='$MAGIC_CMD'
lt_cv_file_magic_test_file=
lt_cv_ld_reload_flag=-r
lt_cv_nm_interface='BSD nm'
lt_cv_objdir=.libs
lt_cv_path_LD=/Users/luolongzhi/Software/android-ndk-for-mac/android-ndk-r15c/toolchains/arm-linux-androideabi-4.9/prebuilt/darwin-x86_64/arm-linux-androideabi/bin/ld
lt_cv_path_NM='/Users/luolongzhi/Software/android-ndk-for-mac/android-ndk-r15c/toolchains/arm-linux-androideabi-4.9/prebuilt/darwin-x86_64/bin/arm-linux-androideabi-nm -B'
lt_cv_path_mainfest_tool=no
lt_cv_prog_compiler_c_o=yes
lt_cv_prog_compiler_pic='-fPIC -DPIC'
lt_cv_prog_compiler_pic_works=yes
lt_cv_prog_compiler_rtti_exceptions=no
lt_cv_prog_compiler_static_works=yes
lt_cv_prog_gnu_ld=yes
lt_cv_sharedlib_from_linklib_cmd='printf %s\n'
lt_cv_sys_global_symbol_pipe='sed -n -e '\''s/^.*[	 ]\([ABCDGIRSTW][ABCDGIRSTW]*\)[	 ][	 ]*\([_A-Za-z][_A-Za-z0-9]*\)$/\1 \2 \2/p'\'' | sed '\''/ __gnu_lto/d'\'''
lt_cv_sys_global_symbol_to_c_name_address='sed -n -e '\''s/^: \(.*\) .*$/  {"\1", (void *) 0},/p'\'' -e '\''s/^[ABCDGIRSTW][ABCDGIRSTW]* .* \(.*\)$/  {"\1", (void *) \&\1},/p'\'''
lt_cv_sys_global_symbol_to_c_name_address_lib_prefix='sed -n -e '\''s/^: \(.*\) .*$/  {"\1", (void *) 0},/p'\'' -e '\''s/^[ABCDGIRSTW][ABCDGIRSTW]* .* \(lib.*\)$/  {"\1", (void *) \&\1},/p'\'' -e '\''s/^[ABCDGIRSTW][ABCDGIRSTW]* .* \(.*\)$/  {"lib\1", (void *) \&\1},/p'\'''
lt_cv_sys_global_symbol_to_cdecl='sed -n -e '\''s/^T .* \(.*\)$/extern int \1();/p'\'' -e '\''s/^[ABCDGIRSTW][ABCDGIRSTW]* .* \(.*\)$/extern char \1;/p'\'''
lt_cv_sys_global_symbol_to_import=
lt_cv_sys_max_cmd_len=196608
lt_cv_to_host_file_cmd=func_convert_file_noop
lt_cv_to_tool_file_cmd=func_convert_file_noop
lt_cv_truncate_bin='/bin/dd bs=4096 count=1'

## ----------------- ##
## Output variables. ##
## ----------------- ##

ACLOCAL='${SHELL} /Users/luolongzhi/Project/mygithub/xaudiopro/missing aclocal-1.16'
AMDEPBACKSLASH='\'
AMDEP_FALSE='#'
AMDEP_TRUE=''
AMTAR='$${TAR-tar}'
AM_BACKSLASH='\'
AM_DEFAULT_V='$(AM_DEFAULT_VERBOSITY)'
AM_DEFAULT_VERBOSITY='1'
AM_V='$(V)'
AR='arm-linux-androideabi-ar'
AUTOCONF='${SHELL} /Users/luolongzhi/Project/mygithub/xaudiopro/missing autoconf'
AUTOHEADER='${SHELL} /Users/luolongzhi/Project/mygithub/xaudiopro/missing autoheader'
AUTOMAKE='${SHELL} /Users/luolongzhi/Project/mygithub/xaudiopro/missing automake-1.16'
AWK='gawk'
CC='arm-linux-androideabi-gcc'
CCDEPMODE='depmode=gcc3'
CFLAGS='--sysroot=/Users/luolongzhi/Software/android-ndk-for-mac/android-ndk-r15c/platforms/android-22/arch-arm/'
CPP='arm-linux-androideabi-gcc -E'
CPPFLAGS='--sysroot=/Users/luolongzhi/Software/android-ndk-for-mac/android-ndk-r15c/platforms/android-22/arch-arm/'
CYGPATH_W='echo'
DEFS='-DHAVE_CONFIG_H'
DEPDIR='.deps'
DLLTOOL='false'
DSYMUTIL=''
DUMPBIN=''
ECHO_C='\c'
ECHO_N=''
ECHO_T=''
EGREP='/usr/bin/grep -E'
EXEEXT=''
FGREP='/usr/bin/grep -F'
GREP='/usr/bin/grep'
INSTALL_DATA='${INSTALL} -m 644'
INSTALL_PROGRAM='${INSTALL}'
INSTALL_SCRIPT='${INSTALL}'
INSTALL_STRIP_PROGRAM='$(install_sh) -c -s'
LD='/Users/luolongzhi/Software/android-ndk-for-mac/android-ndk-r15c/toolchains/arm-linux-androideabi-4.9/prebuilt/darwin-x86_64/arm-linux-androideabi/bin/ld'
LDFLAGS=''
LIBOBJS=' ${LIBOBJDIR}malloc$U.o'
LIBS=''
LIBTOOL='$(SHELL) $(top_builddir)/libtool'
LIPO=''
LN_S='ln -s'
LTLIBOBJS=' ${LIBOBJDIR}malloc$U.lo'
LT_SYS_LIBRARY_PATH=''
MAKEINFO='${SHELL} /Users/luolongzhi/Project/mygithub/xaudiopro/missing makeinfo'
MANIFEST_TOOL=':'
MKDIR_P='/usr/local/bin/gmkdir -p'
NM='/Users/luolongzhi/Software/android-ndk-for-mac/android-ndk-r15c/toolchains/arm-linux-androideabi-4.9/prebuilt/darwin-x86_64/bin/arm-linux-androideabi-nm -B'
NMEDIT=''
OBJDUMP='arm-linux-androideabi-objdump'
OBJEXT='o'
OTOOL64=''
OTOOL=''
PACKAGE='xaudiopro'
PACKAGE_BUGREPORT='luolongzhi@gmail.com'
PACKAGE_NAME='xaudiopro'
PACKAGE_STRING='xaudiopro 1.0'
PACKAGE_TARNAME='xaudiopro'
PACKAGE_URL=''
PACKAGE_VERSION='1.0'
PATH_SEPARATOR=':'
RANLIB='arm-linux-androideabi-ranlib'
SED='/usr/local/bin/gsed'
SET_MAKE=''
SHELL='/bin/sh'
STRIP='arm-linux-androideabi-strip'
VERSION='1.0'
ac_ct_AR=''
ac_ct_CC=''
ac_ct_DUMPBIN=''
am__EXEEXT_FALSE=''
am__EXEEXT_TRUE='#'
am__fastdepCC_FALSE='#'
am__fastdepCC_TRUE=''
am__include='include'
am__isrc=''
am__leading_dot='.'
am__nodep='_no'
am__quote=''
am__tar='$${TAR-tar} chof - "$$tardir"'
am__untar='$${TAR-tar} xf -'
bindir='${exec_prefix}/bin'
build='x86_64-pc-none'
build_alias='x86_64'
build_cpu='x86_64'
build_os='none'
build_vendor='pc'
datadir='${datarootdir}'
datarootdir='${prefix}/share'
docdir='${datarootdir}/doc/${PACKAGE_TARNAME}'
dvidir='${docdir}'
exec_prefix='${prefix}'
host='arm-unknown-linux-androideabi'
host_alias='arm-linux-androideabi'
host_cpu='arm'
host_os='linux-androideabi'
host_vendor='unknown'
htmldir='${docdir}'
includedir='${prefix}/include'
infodir='${datarootdir}/info'
install_sh='${SHELL} /Users/luolongzhi/Project/mygithub/xaudiopro/install-sh'
libdir='${exec_prefix}/lib'
libexecdir='${exec_prefix}/libexec'
localedir='${datarootdir}/locale'
localstatedir='${prefix}/var'
mandir='${datarootdir}/man'
mkdir_p='$(MKDIR_P)'
oldincludedir='/usr/include'
pdfdir='${docdir}'
prefix='/Users/luolongzhi/Project/mygithub/xaudiopro/dist/xaudiopro/armeabi-v7a'
program_transform_name='s,x,x,'
psdir='${docdir}'
sbindir='${exec_prefix}/sbin'
sharedstatedir='${prefix}/com'
sysconfdir='${prefix}/etc'
target_alias=''

## ----------- ##
## confdefs.h. ##
## ----------- ##

/* confdefs.h */
#define PACKAGE_NAME "xaudiopro"
#define PACKAGE_TARNAME "xaudiopro"
#define PACKAGE_VERSION "1.0"
#define PACKAGE_STRING "xaudiopro 1.0"
#define PACKAGE_BUGREPORT "luolongzhi@gmail.com"
#define PACKAGE_URL ""
#define PACKAGE "xaudiopro"
#define VERSION "1.0"
#define STDC_HEADERS 1
#define HAVE_SYS_TYPES_H 1
#define HAVE_SYS_STAT_H 1
#define HAVE_STDLIB_H 1
#define HAVE_STRING_H 1
#define HAVE_MEMORY_H 1
#define HAVE_STRINGS_H 1
#define HAVE_INTTYPES_H 1
#define HAVE_STDINT_H 1
#define HAVE_UNISTD_H 1
#define HAVE_DLFCN_H 1
#define LT_OBJDIR ".libs/"
#define HAVE_MEMORY_H 1
#define HAVE_STDINT_H 1
#define HAVE_STDLIB_H 1
#define HAVE_STRING_H 1
#define HAVE_STRINGS_H 1
#define HAVE_UNISTD_H 1
#define HAVE__BOOL 1
#define HAVE_STDBOOL_H 1
#define HAVE_STDLIB_H 1
#define HAVE_MALLOC 0
#define malloc rpl_malloc
#define HAVE_MEMSET 1
#define HAVE_MKDIR 1

configure: exit 0
